
  You can now view your Streamlit app in your browser.

  URL: http://0.0.0.0:8501

  For better performance, install the Watchdog module:

  $ xcode-select --install
  $ pip install watchdog
            
/Users/minwooseo/Library/Python/3.9/lib/python/site-packages/urllib3/__init__.py:35: NotOpenSSLWarning: urllib3 v2 only supports OpenSSL 1.1.1+, currently the 'ssl' module is compiled with 'LibreSSL 2.8.3'. See: https://github.com/urllib3/urllib3/issues/3020
  warnings.warn(
/Users/minwooseo/Library/Python/3.9/lib/python/site-packages/google/api_core/_python_version_support.py:252: FutureWarning: You are using a Python version (3.9.6) past its end of life. Google will update google.api_core with critical bug fixes on a best-effort basis, but not with any other fixes or features. Please upgrade to the latest Python version, or at least Python 3.10, and then update google.api_core.
  warnings.warn(message, FutureWarning)
/Users/minwooseo/Library/Python/3.9/lib/python/site-packages/google/cloud/bigquery/table.py:1994: UserWarning: BigQuery Storage module not found, fetch data with the REST endpoint instead.
  warnings.warn(
2025-12-29 22:44:48.791 Please replace `use_container_width` with `width`.

`use_container_width` will be removed after 2025-12-31.

For `use_container_width=True`, use `width='stretch'`. For `use_container_width=False`, use `width='content'`.
2025-12-29 22:44:57.075 Please replace `use_container_width` with `width`.

`use_container_width` will be removed after 2025-12-31.

For `use_container_width=True`, use `width='stretch'`. For `use_container_width=False`, use `width='content'`.
2025-12-29 22:45:21.238 Please replace `use_container_width` with `width`.

`use_container_width` will be removed after 2025-12-31.

For `use_container_width=True`, use `width='stretch'`. For `use_container_width=False`, use `width='content'`.
2025-12-29 22:45:28.753 Please replace `use_container_width` with `width`.

`use_container_width` will be removed after 2025-12-31.

For `use_container_width=True`, use `width='stretch'`. For `use_container_width=False`, use `width='content'`.
--- Logging error ---
Traceback (most recent call last):
  File "/Users/minwooseo/Library/Python/3.9/lib/python/site-packages/streamlit/watcher/util.py", line 176, in _do_with_retries
    return orig_fn()
  File "/Users/minwooseo/Library/Python/3.9/lib/python/site-packages/streamlit/watcher/util.py", line 95, in <lambda>
    lambda: os.stat(path).st_mtime,
FileNotFoundError: [Errno 2] No such file or directory: '/Users/minwooseo/.gemini/antigravity/scratch/beyondstat_dashboard/app.py'

The above exception was the direct cause of the following exception:

Traceback (most recent call last):
  File "/Users/minwooseo/Library/Python/3.9/lib/python/site-packages/streamlit/watcher/local_sources_watcher.py", line 173, in _register_watcher
    watcher=PathWatcher(  # ty: ignore
  File "/Users/minwooseo/Library/Python/3.9/lib/python/site-packages/streamlit/watcher/polling_path_watcher.py", line 72, in __init__
    self._modification_time = util.path_modification_time(
  File "/Users/minwooseo/Library/Python/3.9/lib/python/site-packages/streamlit/watcher/util.py", line 94, in path_modification_time
    return _do_with_retries(
  File "/Users/minwooseo/Library/Python/3.9/lib/python/site-packages/streamlit/watcher/util.py", line 179, in _do_with_retries
    raise StreamlitMaxRetriesError(
streamlit.errors.StreamlitMaxRetriesError: Unable to access file or folder: /Users/minwooseo/.gemini/antigravity/scratch/beyondstat_dashboard/app.py

During handling of the above exception, another exception occurred:

Traceback (most recent call last):
  File "/Library/Developer/CommandLineTools/Library/Frameworks/Python3.framework/Versions/3.9/lib/python3.9/logging/__init__.py", line 1083, in emit
    msg = self.format(record)
  File "/Library/Developer/CommandLineTools/Library/Frameworks/Python3.framework/Versions/3.9/lib/python3.9/logging/__init__.py", line 927, in format
    return fmt.format(record)
  File "/Library/Developer/CommandLineTools/Library/Frameworks/Python3.framework/Versions/3.9/lib/python3.9/logging/__init__.py", line 663, in format
    record.message = record.getMessage()
  File "/Library/Developer/CommandLineTools/Library/Frameworks/Python3.framework/Versions/3.9/lib/python3.9/logging/__init__.py", line 367, in getMessage
    msg = msg % self.args
TypeError: not enough arguments for format string
Call stack:
  File "/Library/Developer/CommandLineTools/Library/Frameworks/Python3.framework/Versions/3.9/lib/python3.9/runpy.py", line 197, in _run_module_as_main
    return _run_code(code, main_globals, None,
  File "/Library/Developer/CommandLineTools/Library/Frameworks/Python3.framework/Versions/3.9/lib/python3.9/runpy.py", line 87, in _run_code
    exec(code, run_globals)
  File "/Users/minwooseo/Library/Python/3.9/lib/python/site-packages/streamlit/__main__.py", line 20, in <module>
    main(prog_name="streamlit")
  File "/Users/minwooseo/Library/Python/3.9/lib/python/site-packages/click/core.py", line 1161, in __call__
    return self.main(*args, **kwargs)
  File "/Users/minwooseo/Library/Python/3.9/lib/python/site-packages/click/core.py", line 1082, in main
    rv = self.invoke(ctx)
  File "/Users/minwooseo/Library/Python/3.9/lib/python/site-packages/click/core.py", line 1697, in invoke
    return _process_result(sub_ctx.command.invoke(sub_ctx))
  File "/Users/minwooseo/Library/Python/3.9/lib/python/site-packages/click/core.py", line 1443, in invoke
    return ctx.invoke(self.callback, **ctx.params)
  File "/Users/minwooseo/Library/Python/3.9/lib/python/site-packages/click/core.py", line 788, in invoke
    return __callback(*args, **kwargs)
  File "/Users/minwooseo/Library/Python/3.9/lib/python/site-packages/streamlit/web/cli.py", line 237, in main_run
    _main_run(target, args, flag_options=kwargs)
  File "/Users/minwooseo/Library/Python/3.9/lib/python/site-packages/streamlit/web/cli.py", line 279, in _main_run
    bootstrap.run(file, is_hello, args, flag_options)
  File "/Users/minwooseo/Library/Python/3.9/lib/python/site-packages/streamlit/web/bootstrap.py", line 332, in run
    asyncio.run(main())
  File "/Library/Developer/CommandLineTools/Library/Frameworks/Python3.framework/Versions/3.9/lib/python3.9/asyncio/runners.py", line 44, in run
    return loop.run_until_complete(main)
  File "/Library/Developer/CommandLineTools/Library/Frameworks/Python3.framework/Versions/3.9/lib/python3.9/asyncio/base_events.py", line 629, in run_until_complete
    self.run_forever()
  File "/Library/Developer/CommandLineTools/Library/Frameworks/Python3.framework/Versions/3.9/lib/python3.9/asyncio/base_events.py", line 596, in run_forever
    self._run_once()
  File "/Library/Developer/CommandLineTools/Library/Frameworks/Python3.framework/Versions/3.9/lib/python3.9/asyncio/base_events.py", line 1890, in _run_once
    handle._run()
  File "/Library/Developer/CommandLineTools/Library/Frameworks/Python3.framework/Versions/3.9/lib/python3.9/asyncio/events.py", line 80, in _run
    self._context.run(self._callback, *self._args)
  File "/Users/minwooseo/Library/Python/3.9/lib/python/site-packages/tornado/web.py", line 1859, in _execute
    result = await result
  File "/Users/minwooseo/Library/Python/3.9/lib/python/site-packages/tornado/websocket.py", line 277, in get
    await self.ws_connection.accept_connection(self)
  File "/Users/minwooseo/Library/Python/3.9/lib/python/site-packages/tornado/websocket.py", line 890, in accept_connection
    await self._accept_connection(handler)
  File "/Users/minwooseo/Library/Python/3.9/lib/python/site-packages/tornado/websocket.py", line 965, in _accept_connection
    open_result = handler.open(*handler.open_args, **handler.open_kwargs)
  File "/Users/minwooseo/Library/Python/3.9/lib/python/site-packages/streamlit/web/server/browser_websocket_handler.py", line 198, in open
    self._session_id = self._runtime.connect_session(
  File "/Users/minwooseo/Library/Python/3.9/lib/python/site-packages/streamlit/runtime/runtime.py", line 391, in connect_session
    session_id = self._session_mgr.connect_session(
  File "/Users/minwooseo/Library/Python/3.9/lib/python/site-packages/streamlit/runtime/websocket_session_manager.py", line 101, in connect_session
    session = AppSession(
  File "/Users/minwooseo/Library/Python/3.9/lib/python/site-packages/streamlit/runtime/app_session.py", line 159, in __init__
    self.register_file_watchers()
  File "/Users/minwooseo/Library/Python/3.9/lib/python/site-packages/streamlit/runtime/app_session.py", line 196, in register_file_watchers
    self._local_sources_watcher = LocalSourcesWatcher(self._pages_manager)
  File "/Users/minwooseo/Library/Python/3.9/lib/python/site-packages/streamlit/watcher/local_sources_watcher.py", line 66, in __init__
    self.update_watched_pages()
  File "/Users/minwooseo/Library/Python/3.9/lib/python/site-packages/streamlit/watcher/local_sources_watcher.py", line 79, in update_watched_pages
    self._register_watcher(
  File "/Users/minwooseo/Library/Python/3.9/lib/python/site-packages/streamlit/watcher/local_sources_watcher.py", line 185, in _register_watcher
    _LOGGER.warning("Failed to watch file %s: %s", filepath, exc_info=ex)
Message: 'Failed to watch file %s: %s'
Arguments: ('/Users/minwooseo/.gemini/antigravity/scratch/beyondstat_dashboard/app.py',)
--- Logging error ---
Traceback (most recent call last):
  File "/Users/minwooseo/Library/Python/3.9/lib/python/site-packages/streamlit/watcher/util.py", line 176, in _do_with_retries
    return orig_fn()
  File "/Users/minwooseo/Library/Python/3.9/lib/python/site-packages/streamlit/watcher/util.py", line 95, in <lambda>
    lambda: os.stat(path).st_mtime,
FileNotFoundError: [Errno 2] No such file or directory: '/Users/minwooseo/.gemini/antigravity/scratch/beyondstat_dashboard/app.py'

The above exception was the direct cause of the following exception:

Traceback (most recent call last):
  File "/Users/minwooseo/Library/Python/3.9/lib/python/site-packages/streamlit/watcher/local_sources_watcher.py", line 173, in _register_watcher
    watcher=PathWatcher(  # ty: ignore
  File "/Users/minwooseo/Library/Python/3.9/lib/python/site-packages/streamlit/watcher/polling_path_watcher.py", line 72, in __init__
    self._modification_time = util.path_modification_time(
  File "/Users/minwooseo/Library/Python/3.9/lib/python/site-packages/streamlit/watcher/util.py", line 94, in path_modification_time
    return _do_with_retries(
  File "/Users/minwooseo/Library/Python/3.9/lib/python/site-packages/streamlit/watcher/util.py", line 179, in _do_with_retries
    raise StreamlitMaxRetriesError(
streamlit.errors.StreamlitMaxRetriesError: Unable to access file or folder: /Users/minwooseo/.gemini/antigravity/scratch/beyondstat_dashboard/app.py

During handling of the above exception, another exception occurred:

Traceback (most recent call last):
  File "/Library/Developer/CommandLineTools/Library/Frameworks/Python3.framework/Versions/3.9/lib/python3.9/logging/__init__.py", line 1083, in emit
    msg = self.format(record)
  File "/Library/Developer/CommandLineTools/Library/Frameworks/Python3.framework/Versions/3.9/lib/python3.9/logging/__init__.py", line 927, in format
    return fmt.format(record)
  File "/Library/Developer/CommandLineTools/Library/Frameworks/Python3.framework/Versions/3.9/lib/python3.9/logging/__init__.py", line 663, in format
    record.message = record.getMessage()
  File "/Library/Developer/CommandLineTools/Library/Frameworks/Python3.framework/Versions/3.9/lib/python3.9/logging/__init__.py", line 367, in getMessage
    msg = msg % self.args
TypeError: not enough arguments for format string
Call stack:
  File "/Library/Developer/CommandLineTools/Library/Frameworks/Python3.framework/Versions/3.9/lib/python3.9/runpy.py", line 197, in _run_module_as_main
    return _run_code(code, main_globals, None,
  File "/Library/Developer/CommandLineTools/Library/Frameworks/Python3.framework/Versions/3.9/lib/python3.9/runpy.py", line 87, in _run_code
    exec(code, run_globals)
  File "/Users/minwooseo/Library/Python/3.9/lib/python/site-packages/streamlit/__main__.py", line 20, in <module>
    main(prog_name="streamlit")
  File "/Users/minwooseo/Library/Python/3.9/lib/python/site-packages/click/core.py", line 1161, in __call__
    return self.main(*args, **kwargs)
  File "/Users/minwooseo/Library/Python/3.9/lib/python/site-packages/click/core.py", line 1082, in main
    rv = self.invoke(ctx)
  File "/Users/minwooseo/Library/Python/3.9/lib/python/site-packages/click/core.py", line 1697, in invoke
    return _process_result(sub_ctx.command.invoke(sub_ctx))
  File "/Users/minwooseo/Library/Python/3.9/lib/python/site-packages/click/core.py", line 1443, in invoke
    return ctx.invoke(self.callback, **ctx.params)
  File "/Users/minwooseo/Library/Python/3.9/lib/python/site-packages/click/core.py", line 788, in invoke
    return __callback(*args, **kwargs)
  File "/Users/minwooseo/Library/Python/3.9/lib/python/site-packages/streamlit/web/cli.py", line 237, in main_run
    _main_run(target, args, flag_options=kwargs)
  File "/Users/minwooseo/Library/Python/3.9/lib/python/site-packages/streamlit/web/cli.py", line 279, in _main_run
    bootstrap.run(file, is_hello, args, flag_options)
  File "/Users/minwooseo/Library/Python/3.9/lib/python/site-packages/streamlit/web/bootstrap.py", line 332, in run
    asyncio.run(main())
  File "/Library/Developer/CommandLineTools/Library/Frameworks/Python3.framework/Versions/3.9/lib/python3.9/asyncio/runners.py", line 44, in run
    return loop.run_until_complete(main)
  File "/Library/Developer/CommandLineTools/Library/Frameworks/Python3.framework/Versions/3.9/lib/python3.9/asyncio/base_events.py", line 629, in run_until_complete
    self.run_forever()
  File "/Library/Developer/CommandLineTools/Library/Frameworks/Python3.framework/Versions/3.9/lib/python3.9/asyncio/base_events.py", line 596, in run_forever
    self._run_once()
  File "/Library/Developer/CommandLineTools/Library/Frameworks/Python3.framework/Versions/3.9/lib/python3.9/asyncio/base_events.py", line 1890, in _run_once
    handle._run()
  File "/Library/Developer/CommandLineTools/Library/Frameworks/Python3.framework/Versions/3.9/lib/python3.9/asyncio/events.py", line 80, in _run
    self._context.run(self._callback, *self._args)
  File "/Users/minwooseo/Library/Python/3.9/lib/python/site-packages/tornado/web.py", line 1859, in _execute
    result = await result
  File "/Users/minwooseo/Library/Python/3.9/lib/python/site-packages/tornado/websocket.py", line 277, in get
    await self.ws_connection.accept_connection(self)
  File "/Users/minwooseo/Library/Python/3.9/lib/python/site-packages/tornado/websocket.py", line 890, in accept_connection
    await self._accept_connection(handler)
  File "/Users/minwooseo/Library/Python/3.9/lib/python/site-packages/tornado/websocket.py", line 965, in _accept_connection
    open_result = handler.open(*handler.open_args, **handler.open_kwargs)
  File "/Users/minwooseo/Library/Python/3.9/lib/python/site-packages/streamlit/web/server/browser_websocket_handler.py", line 198, in open
    self._session_id = self._runtime.connect_session(
  File "/Users/minwooseo/Library/Python/3.9/lib/python/site-packages/streamlit/runtime/runtime.py", line 391, in connect_session
    session_id = self._session_mgr.connect_session(
  File "/Users/minwooseo/Library/Python/3.9/lib/python/site-packages/streamlit/runtime/websocket_session_manager.py", line 101, in connect_session
    session = AppSession(
  File "/Users/minwooseo/Library/Python/3.9/lib/python/site-packages/streamlit/runtime/app_session.py", line 159, in __init__
    self.register_file_watchers()
  File "/Users/minwooseo/Library/Python/3.9/lib/python/site-packages/streamlit/runtime/app_session.py", line 196, in register_file_watchers
    self._local_sources_watcher = LocalSourcesWatcher(self._pages_manager)
  File "/Users/minwooseo/Library/Python/3.9/lib/python/site-packages/streamlit/watcher/local_sources_watcher.py", line 66, in __init__
    self.update_watched_pages()
  File "/Users/minwooseo/Library/Python/3.9/lib/python/site-packages/streamlit/watcher/local_sources_watcher.py", line 79, in update_watched_pages
    self._register_watcher(
  File "/Users/minwooseo/Library/Python/3.9/lib/python/site-packages/streamlit/watcher/local_sources_watcher.py", line 185, in _register_watcher
    _LOGGER.warning("Failed to watch file %s: %s", filepath, exc_info=ex)
Message: 'Failed to watch file %s: %s'
Arguments: ('/Users/minwooseo/.gemini/antigravity/scratch/beyondstat_dashboard/app.py',)
--- Logging error ---
Traceback (most recent call last):
  File "/Users/minwooseo/Library/Python/3.9/lib/python/site-packages/streamlit/watcher/util.py", line 176, in _do_with_retries
    return orig_fn()
  File "/Users/minwooseo/Library/Python/3.9/lib/python/site-packages/streamlit/watcher/util.py", line 95, in <lambda>
    lambda: os.stat(path).st_mtime,
FileNotFoundError: [Errno 2] No such file or directory: '/Users/minwooseo/.gemini/antigravity/scratch/beyondstat_dashboard/app.py'

The above exception was the direct cause of the following exception:

Traceback (most recent call last):
  File "/Users/minwooseo/Library/Python/3.9/lib/python/site-packages/streamlit/watcher/local_sources_watcher.py", line 173, in _register_watcher
    watcher=PathWatcher(  # ty: ignore
  File "/Users/minwooseo/Library/Python/3.9/lib/python/site-packages/streamlit/watcher/polling_path_watcher.py", line 72, in __init__
    self._modification_time = util.path_modification_time(
  File "/Users/minwooseo/Library/Python/3.9/lib/python/site-packages/streamlit/watcher/util.py", line 94, in path_modification_time
    return _do_with_retries(
  File "/Users/minwooseo/Library/Python/3.9/lib/python/site-packages/streamlit/watcher/util.py", line 179, in _do_with_retries
    raise StreamlitMaxRetriesError(
streamlit.errors.StreamlitMaxRetriesError: Unable to access file or folder: /Users/minwooseo/.gemini/antigravity/scratch/beyondstat_dashboard/app.py

During handling of the above exception, another exception occurred:

Traceback (most recent call last):
  File "/Library/Developer/CommandLineTools/Library/Frameworks/Python3.framework/Versions/3.9/lib/python3.9/logging/__init__.py", line 1083, in emit
    msg = self.format(record)
  File "/Library/Developer/CommandLineTools/Library/Frameworks/Python3.framework/Versions/3.9/lib/python3.9/logging/__init__.py", line 927, in format
    return fmt.format(record)
  File "/Library/Developer/CommandLineTools/Library/Frameworks/Python3.framework/Versions/3.9/lib/python3.9/logging/__init__.py", line 663, in format
    record.message = record.getMessage()
  File "/Library/Developer/CommandLineTools/Library/Frameworks/Python3.framework/Versions/3.9/lib/python3.9/logging/__init__.py", line 367, in getMessage
    msg = msg % self.args
TypeError: not enough arguments for format string
Call stack:
  File "/Library/Developer/CommandLineTools/Library/Frameworks/Python3.framework/Versions/3.9/lib/python3.9/runpy.py", line 197, in _run_module_as_main
    return _run_code(code, main_globals, None,
  File "/Library/Developer/CommandLineTools/Library/Frameworks/Python3.framework/Versions/3.9/lib/python3.9/runpy.py", line 87, in _run_code
    exec(code, run_globals)
  File "/Users/minwooseo/Library/Python/3.9/lib/python/site-packages/streamlit/__main__.py", line 20, in <module>
    main(prog_name="streamlit")
  File "/Users/minwooseo/Library/Python/3.9/lib/python/site-packages/click/core.py", line 1161, in __call__
    return self.main(*args, **kwargs)
  File "/Users/minwooseo/Library/Python/3.9/lib/python/site-packages/click/core.py", line 1082, in main
    rv = self.invoke(ctx)
  File "/Users/minwooseo/Library/Python/3.9/lib/python/site-packages/click/core.py", line 1697, in invoke
    return _process_result(sub_ctx.command.invoke(sub_ctx))
  File "/Users/minwooseo/Library/Python/3.9/lib/python/site-packages/click/core.py", line 1443, in invoke
    return ctx.invoke(self.callback, **ctx.params)
  File "/Users/minwooseo/Library/Python/3.9/lib/python/site-packages/click/core.py", line 788, in invoke
    return __callback(*args, **kwargs)
  File "/Users/minwooseo/Library/Python/3.9/lib/python/site-packages/streamlit/web/cli.py", line 237, in main_run
    _main_run(target, args, flag_options=kwargs)
  File "/Users/minwooseo/Library/Python/3.9/lib/python/site-packages/streamlit/web/cli.py", line 279, in _main_run
    bootstrap.run(file, is_hello, args, flag_options)
  File "/Users/minwooseo/Library/Python/3.9/lib/python/site-packages/streamlit/web/bootstrap.py", line 332, in run
    asyncio.run(main())
  File "/Library/Developer/CommandLineTools/Library/Frameworks/Python3.framework/Versions/3.9/lib/python3.9/asyncio/runners.py", line 44, in run
    return loop.run_until_complete(main)
  File "/Library/Developer/CommandLineTools/Library/Frameworks/Python3.framework/Versions/3.9/lib/python3.9/asyncio/base_events.py", line 629, in run_until_complete
    self.run_forever()
  File "/Library/Developer/CommandLineTools/Library/Frameworks/Python3.framework/Versions/3.9/lib/python3.9/asyncio/base_events.py", line 596, in run_forever
    self._run_once()
  File "/Library/Developer/CommandLineTools/Library/Frameworks/Python3.framework/Versions/3.9/lib/python3.9/asyncio/base_events.py", line 1890, in _run_once
    handle._run()
  File "/Library/Developer/CommandLineTools/Library/Frameworks/Python3.framework/Versions/3.9/lib/python3.9/asyncio/events.py", line 80, in _run
    self._context.run(self._callback, *self._args)
  File "/Users/minwooseo/Library/Python/3.9/lib/python/site-packages/tornado/web.py", line 1859, in _execute
    result = await result
  File "/Users/minwooseo/Library/Python/3.9/lib/python/site-packages/tornado/websocket.py", line 277, in get
    await self.ws_connection.accept_connection(self)
  File "/Users/minwooseo/Library/Python/3.9/lib/python/site-packages/tornado/websocket.py", line 890, in accept_connection
    await self._accept_connection(handler)
  File "/Users/minwooseo/Library/Python/3.9/lib/python/site-packages/tornado/websocket.py", line 965, in _accept_connection
    open_result = handler.open(*handler.open_args, **handler.open_kwargs)
  File "/Users/minwooseo/Library/Python/3.9/lib/python/site-packages/streamlit/web/server/browser_websocket_handler.py", line 198, in open
    self._session_id = self._runtime.connect_session(
  File "/Users/minwooseo/Library/Python/3.9/lib/python/site-packages/streamlit/runtime/runtime.py", line 391, in connect_session
    session_id = self._session_mgr.connect_session(
  File "/Users/minwooseo/Library/Python/3.9/lib/python/site-packages/streamlit/runtime/websocket_session_manager.py", line 101, in connect_session
    session = AppSession(
  File "/Users/minwooseo/Library/Python/3.9/lib/python/site-packages/streamlit/runtime/app_session.py", line 159, in __init__
    self.register_file_watchers()
  File "/Users/minwooseo/Library/Python/3.9/lib/python/site-packages/streamlit/runtime/app_session.py", line 196, in register_file_watchers
    self._local_sources_watcher = LocalSourcesWatcher(self._pages_manager)
  File "/Users/minwooseo/Library/Python/3.9/lib/python/site-packages/streamlit/watcher/local_sources_watcher.py", line 66, in __init__
    self.update_watched_pages()
  File "/Users/minwooseo/Library/Python/3.9/lib/python/site-packages/streamlit/watcher/local_sources_watcher.py", line 79, in update_watched_pages
    self._register_watcher(
  File "/Users/minwooseo/Library/Python/3.9/lib/python/site-packages/streamlit/watcher/local_sources_watcher.py", line 185, in _register_watcher
    _LOGGER.warning("Failed to watch file %s: %s", filepath, exc_info=ex)
Message: 'Failed to watch file %s: %s'
Arguments: ('/Users/minwooseo/.gemini/antigravity/scratch/beyondstat_dashboard/app.py',)
--- Logging error ---
Traceback (most recent call last):
  File "/Users/minwooseo/Library/Python/3.9/lib/python/site-packages/streamlit/watcher/util.py", line 176, in _do_with_retries
    return orig_fn()
  File "/Users/minwooseo/Library/Python/3.9/lib/python/site-packages/streamlit/watcher/util.py", line 95, in <lambda>
    lambda: os.stat(path).st_mtime,
FileNotFoundError: [Errno 2] No such file or directory: '/Users/minwooseo/.gemini/antigravity/scratch/beyondstat_dashboard/app.py'

The above exception was the direct cause of the following exception:

Traceback (most recent call last):
  File "/Users/minwooseo/Library/Python/3.9/lib/python/site-packages/streamlit/watcher/local_sources_watcher.py", line 173, in _register_watcher
    watcher=PathWatcher(  # ty: ignore
  File "/Users/minwooseo/Library/Python/3.9/lib/python/site-packages/streamlit/watcher/polling_path_watcher.py", line 72, in __init__
    self._modification_time = util.path_modification_time(
  File "/Users/minwooseo/Library/Python/3.9/lib/python/site-packages/streamlit/watcher/util.py", line 94, in path_modification_time
    return _do_with_retries(
  File "/Users/minwooseo/Library/Python/3.9/lib/python/site-packages/streamlit/watcher/util.py", line 179, in _do_with_retries
    raise StreamlitMaxRetriesError(
streamlit.errors.StreamlitMaxRetriesError: Unable to access file or folder: /Users/minwooseo/.gemini/antigravity/scratch/beyondstat_dashboard/app.py

During handling of the above exception, another exception occurred:

Traceback (most recent call last):
  File "/Library/Developer/CommandLineTools/Library/Frameworks/Python3.framework/Versions/3.9/lib/python3.9/logging/__init__.py", line 1083, in emit
    msg = self.format(record)
  File "/Library/Developer/CommandLineTools/Library/Frameworks/Python3.framework/Versions/3.9/lib/python3.9/logging/__init__.py", line 927, in format
    return fmt.format(record)
  File "/Library/Developer/CommandLineTools/Library/Frameworks/Python3.framework/Versions/3.9/lib/python3.9/logging/__init__.py", line 663, in format
    record.message = record.getMessage()
  File "/Library/Developer/CommandLineTools/Library/Frameworks/Python3.framework/Versions/3.9/lib/python3.9/logging/__init__.py", line 367, in getMessage
    msg = msg % self.args
TypeError: not enough arguments for format string
Call stack:
  File "/Library/Developer/CommandLineTools/Library/Frameworks/Python3.framework/Versions/3.9/lib/python3.9/runpy.py", line 197, in _run_module_as_main
    return _run_code(code, main_globals, None,
  File "/Library/Developer/CommandLineTools/Library/Frameworks/Python3.framework/Versions/3.9/lib/python3.9/runpy.py", line 87, in _run_code
    exec(code, run_globals)
  File "/Users/minwooseo/Library/Python/3.9/lib/python/site-packages/streamlit/__main__.py", line 20, in <module>
    main(prog_name="streamlit")
  File "/Users/minwooseo/Library/Python/3.9/lib/python/site-packages/click/core.py", line 1161, in __call__
    return self.main(*args, **kwargs)
  File "/Users/minwooseo/Library/Python/3.9/lib/python/site-packages/click/core.py", line 1082, in main
    rv = self.invoke(ctx)
  File "/Users/minwooseo/Library/Python/3.9/lib/python/site-packages/click/core.py", line 1697, in invoke
    return _process_result(sub_ctx.command.invoke(sub_ctx))
  File "/Users/minwooseo/Library/Python/3.9/lib/python/site-packages/click/core.py", line 1443, in invoke
    return ctx.invoke(self.callback, **ctx.params)
  File "/Users/minwooseo/Library/Python/3.9/lib/python/site-packages/click/core.py", line 788, in invoke
    return __callback(*args, **kwargs)
  File "/Users/minwooseo/Library/Python/3.9/lib/python/site-packages/streamlit/web/cli.py", line 237, in main_run
    _main_run(target, args, flag_options=kwargs)
  File "/Users/minwooseo/Library/Python/3.9/lib/python/site-packages/streamlit/web/cli.py", line 279, in _main_run
    bootstrap.run(file, is_hello, args, flag_options)
  File "/Users/minwooseo/Library/Python/3.9/lib/python/site-packages/streamlit/web/bootstrap.py", line 332, in run
    asyncio.run(main())
  File "/Library/Developer/CommandLineTools/Library/Frameworks/Python3.framework/Versions/3.9/lib/python3.9/asyncio/runners.py", line 44, in run
    return loop.run_until_complete(main)
  File "/Library/Developer/CommandLineTools/Library/Frameworks/Python3.framework/Versions/3.9/lib/python3.9/asyncio/base_events.py", line 629, in run_until_complete
    self.run_forever()
  File "/Library/Developer/CommandLineTools/Library/Frameworks/Python3.framework/Versions/3.9/lib/python3.9/asyncio/base_events.py", line 596, in run_forever
    self._run_once()
  File "/Library/Developer/CommandLineTools/Library/Frameworks/Python3.framework/Versions/3.9/lib/python3.9/asyncio/base_events.py", line 1890, in _run_once
    handle._run()
  File "/Library/Developer/CommandLineTools/Library/Frameworks/Python3.framework/Versions/3.9/lib/python3.9/asyncio/events.py", line 80, in _run
    self._context.run(self._callback, *self._args)
  File "/Users/minwooseo/Library/Python/3.9/lib/python/site-packages/tornado/web.py", line 1859, in _execute
    result = await result
  File "/Users/minwooseo/Library/Python/3.9/lib/python/site-packages/tornado/websocket.py", line 277, in get
    await self.ws_connection.accept_connection(self)
  File "/Users/minwooseo/Library/Python/3.9/lib/python/site-packages/tornado/websocket.py", line 890, in accept_connection
    await self._accept_connection(handler)
  File "/Users/minwooseo/Library/Python/3.9/lib/python/site-packages/tornado/websocket.py", line 965, in _accept_connection
    open_result = handler.open(*handler.open_args, **handler.open_kwargs)
  File "/Users/minwooseo/Library/Python/3.9/lib/python/site-packages/streamlit/web/server/browser_websocket_handler.py", line 198, in open
    self._session_id = self._runtime.connect_session(
  File "/Users/minwooseo/Library/Python/3.9/lib/python/site-packages/streamlit/runtime/runtime.py", line 391, in connect_session
    session_id = self._session_mgr.connect_session(
  File "/Users/minwooseo/Library/Python/3.9/lib/python/site-packages/streamlit/runtime/websocket_session_manager.py", line 101, in connect_session
    session = AppSession(
  File "/Users/minwooseo/Library/Python/3.9/lib/python/site-packages/streamlit/runtime/app_session.py", line 159, in __init__
    self.register_file_watchers()
  File "/Users/minwooseo/Library/Python/3.9/lib/python/site-packages/streamlit/runtime/app_session.py", line 196, in register_file_watchers
    self._local_sources_watcher = LocalSourcesWatcher(self._pages_manager)
  File "/Users/minwooseo/Library/Python/3.9/lib/python/site-packages/streamlit/watcher/local_sources_watcher.py", line 66, in __init__
    self.update_watched_pages()
  File "/Users/minwooseo/Library/Python/3.9/lib/python/site-packages/streamlit/watcher/local_sources_watcher.py", line 79, in update_watched_pages
    self._register_watcher(
  File "/Users/minwooseo/Library/Python/3.9/lib/python/site-packages/streamlit/watcher/local_sources_watcher.py", line 185, in _register_watcher
    _LOGGER.warning("Failed to watch file %s: %s", filepath, exc_info=ex)
Message: 'Failed to watch file %s: %s'
Arguments: ('/Users/minwooseo/.gemini/antigravity/scratch/beyondstat_dashboard/app.py',)
--- Logging error ---
Traceback (most recent call last):
  File "/Users/minwooseo/Library/Python/3.9/lib/python/site-packages/streamlit/watcher/util.py", line 176, in _do_with_retries
    return orig_fn()
  File "/Users/minwooseo/Library/Python/3.9/lib/python/site-packages/streamlit/watcher/util.py", line 95, in <lambda>
    lambda: os.stat(path).st_mtime,
FileNotFoundError: [Errno 2] No such file or directory: '/Users/minwooseo/.gemini/antigravity/scratch/beyondstat_dashboard/app.py'

The above exception was the direct cause of the following exception:

Traceback (most recent call last):
  File "/Users/minwooseo/Library/Python/3.9/lib/python/site-packages/streamlit/watcher/local_sources_watcher.py", line 173, in _register_watcher
    watcher=PathWatcher(  # ty: ignore
  File "/Users/minwooseo/Library/Python/3.9/lib/python/site-packages/streamlit/watcher/polling_path_watcher.py", line 72, in __init__
    self._modification_time = util.path_modification_time(
  File "/Users/minwooseo/Library/Python/3.9/lib/python/site-packages/streamlit/watcher/util.py", line 94, in path_modification_time
    return _do_with_retries(
  File "/Users/minwooseo/Library/Python/3.9/lib/python/site-packages/streamlit/watcher/util.py", line 179, in _do_with_retries
    raise StreamlitMaxRetriesError(
streamlit.errors.StreamlitMaxRetriesError: Unable to access file or folder: /Users/minwooseo/.gemini/antigravity/scratch/beyondstat_dashboard/app.py

During handling of the above exception, another exception occurred:

Traceback (most recent call last):
  File "/Library/Developer/CommandLineTools/Library/Frameworks/Python3.framework/Versions/3.9/lib/python3.9/logging/__init__.py", line 1083, in emit
    msg = self.format(record)
  File "/Library/Developer/CommandLineTools/Library/Frameworks/Python3.framework/Versions/3.9/lib/python3.9/logging/__init__.py", line 927, in format
    return fmt.format(record)
  File "/Library/Developer/CommandLineTools/Library/Frameworks/Python3.framework/Versions/3.9/lib/python3.9/logging/__init__.py", line 663, in format
    record.message = record.getMessage()
  File "/Library/Developer/CommandLineTools/Library/Frameworks/Python3.framework/Versions/3.9/lib/python3.9/logging/__init__.py", line 367, in getMessage
    msg = msg % self.args
TypeError: not enough arguments for format string
Call stack:
  File "/Library/Developer/CommandLineTools/Library/Frameworks/Python3.framework/Versions/3.9/lib/python3.9/runpy.py", line 197, in _run_module_as_main
    return _run_code(code, main_globals, None,
  File "/Library/Developer/CommandLineTools/Library/Frameworks/Python3.framework/Versions/3.9/lib/python3.9/runpy.py", line 87, in _run_code
    exec(code, run_globals)
  File "/Users/minwooseo/Library/Python/3.9/lib/python/site-packages/streamlit/__main__.py", line 20, in <module>
    main(prog_name="streamlit")
  File "/Users/minwooseo/Library/Python/3.9/lib/python/site-packages/click/core.py", line 1161, in __call__
    return self.main(*args, **kwargs)
  File "/Users/minwooseo/Library/Python/3.9/lib/python/site-packages/click/core.py", line 1082, in main
    rv = self.invoke(ctx)
  File "/Users/minwooseo/Library/Python/3.9/lib/python/site-packages/click/core.py", line 1697, in invoke
    return _process_result(sub_ctx.command.invoke(sub_ctx))
  File "/Users/minwooseo/Library/Python/3.9/lib/python/site-packages/click/core.py", line 1443, in invoke
    return ctx.invoke(self.callback, **ctx.params)
  File "/Users/minwooseo/Library/Python/3.9/lib/python/site-packages/click/core.py", line 788, in invoke
    return __callback(*args, **kwargs)
  File "/Users/minwooseo/Library/Python/3.9/lib/python/site-packages/streamlit/web/cli.py", line 237, in main_run
    _main_run(target, args, flag_options=kwargs)
  File "/Users/minwooseo/Library/Python/3.9/lib/python/site-packages/streamlit/web/cli.py", line 279, in _main_run
    bootstrap.run(file, is_hello, args, flag_options)
  File "/Users/minwooseo/Library/Python/3.9/lib/python/site-packages/streamlit/web/bootstrap.py", line 332, in run
    asyncio.run(main())
  File "/Library/Developer/CommandLineTools/Library/Frameworks/Python3.framework/Versions/3.9/lib/python3.9/asyncio/runners.py", line 44, in run
    return loop.run_until_complete(main)
  File "/Library/Developer/CommandLineTools/Library/Frameworks/Python3.framework/Versions/3.9/lib/python3.9/asyncio/base_events.py", line 629, in run_until_complete
    self.run_forever()
  File "/Library/Developer/CommandLineTools/Library/Frameworks/Python3.framework/Versions/3.9/lib/python3.9/asyncio/base_events.py", line 596, in run_forever
    self._run_once()
  File "/Library/Developer/CommandLineTools/Library/Frameworks/Python3.framework/Versions/3.9/lib/python3.9/asyncio/base_events.py", line 1890, in _run_once
    handle._run()
  File "/Library/Developer/CommandLineTools/Library/Frameworks/Python3.framework/Versions/3.9/lib/python3.9/asyncio/events.py", line 80, in _run
    self._context.run(self._callback, *self._args)
  File "/Users/minwooseo/Library/Python/3.9/lib/python/site-packages/tornado/web.py", line 1859, in _execute
    result = await result
  File "/Users/minwooseo/Library/Python/3.9/lib/python/site-packages/tornado/websocket.py", line 277, in get
    await self.ws_connection.accept_connection(self)
  File "/Users/minwooseo/Library/Python/3.9/lib/python/site-packages/tornado/websocket.py", line 890, in accept_connection
    await self._accept_connection(handler)
  File "/Users/minwooseo/Library/Python/3.9/lib/python/site-packages/tornado/websocket.py", line 965, in _accept_connection
    open_result = handler.open(*handler.open_args, **handler.open_kwargs)
  File "/Users/minwooseo/Library/Python/3.9/lib/python/site-packages/streamlit/web/server/browser_websocket_handler.py", line 198, in open
    self._session_id = self._runtime.connect_session(
  File "/Users/minwooseo/Library/Python/3.9/lib/python/site-packages/streamlit/runtime/runtime.py", line 391, in connect_session
    session_id = self._session_mgr.connect_session(
  File "/Users/minwooseo/Library/Python/3.9/lib/python/site-packages/streamlit/runtime/websocket_session_manager.py", line 101, in connect_session
    session = AppSession(
  File "/Users/minwooseo/Library/Python/3.9/lib/python/site-packages/streamlit/runtime/app_session.py", line 159, in __init__
    self.register_file_watchers()
  File "/Users/minwooseo/Library/Python/3.9/lib/python/site-packages/streamlit/runtime/app_session.py", line 196, in register_file_watchers
    self._local_sources_watcher = LocalSourcesWatcher(self._pages_manager)
  File "/Users/minwooseo/Library/Python/3.9/lib/python/site-packages/streamlit/watcher/local_sources_watcher.py", line 66, in __init__
    self.update_watched_pages()
  File "/Users/minwooseo/Library/Python/3.9/lib/python/site-packages/streamlit/watcher/local_sources_watcher.py", line 79, in update_watched_pages
    self._register_watcher(
  File "/Users/minwooseo/Library/Python/3.9/lib/python/site-packages/streamlit/watcher/local_sources_watcher.py", line 185, in _register_watcher
    _LOGGER.warning("Failed to watch file %s: %s", filepath, exc_info=ex)
Message: 'Failed to watch file %s: %s'
Arguments: ('/Users/minwooseo/.gemini/antigravity/scratch/beyondstat_dashboard/app.py',)
--- Logging error ---
Traceback (most recent call last):
  File "/Users/minwooseo/Library/Python/3.9/lib/python/site-packages/streamlit/watcher/util.py", line 176, in _do_with_retries
    return orig_fn()
  File "/Users/minwooseo/Library/Python/3.9/lib/python/site-packages/streamlit/watcher/util.py", line 95, in <lambda>
    lambda: os.stat(path).st_mtime,
FileNotFoundError: [Errno 2] No such file or directory: '/Users/minwooseo/.gemini/antigravity/scratch/beyondstat_dashboard/app.py'

The above exception was the direct cause of the following exception:

Traceback (most recent call last):
  File "/Users/minwooseo/Library/Python/3.9/lib/python/site-packages/streamlit/watcher/local_sources_watcher.py", line 173, in _register_watcher
    watcher=PathWatcher(  # ty: ignore
  File "/Users/minwooseo/Library/Python/3.9/lib/python/site-packages/streamlit/watcher/polling_path_watcher.py", line 72, in __init__
    self._modification_time = util.path_modification_time(
  File "/Users/minwooseo/Library/Python/3.9/lib/python/site-packages/streamlit/watcher/util.py", line 94, in path_modification_time
    return _do_with_retries(
  File "/Users/minwooseo/Library/Python/3.9/lib/python/site-packages/streamlit/watcher/util.py", line 179, in _do_with_retries
    raise StreamlitMaxRetriesError(
streamlit.errors.StreamlitMaxRetriesError: Unable to access file or folder: /Users/minwooseo/.gemini/antigravity/scratch/beyondstat_dashboard/app.py

During handling of the above exception, another exception occurred:

Traceback (most recent call last):
  File "/Library/Developer/CommandLineTools/Library/Frameworks/Python3.framework/Versions/3.9/lib/python3.9/logging/__init__.py", line 1083, in emit
    msg = self.format(record)
  File "/Library/Developer/CommandLineTools/Library/Frameworks/Python3.framework/Versions/3.9/lib/python3.9/logging/__init__.py", line 927, in format
    return fmt.format(record)
  File "/Library/Developer/CommandLineTools/Library/Frameworks/Python3.framework/Versions/3.9/lib/python3.9/logging/__init__.py", line 663, in format
    record.message = record.getMessage()
  File "/Library/Developer/CommandLineTools/Library/Frameworks/Python3.framework/Versions/3.9/lib/python3.9/logging/__init__.py", line 367, in getMessage
    msg = msg % self.args
TypeError: not enough arguments for format string
Call stack:
  File "/Library/Developer/CommandLineTools/Library/Frameworks/Python3.framework/Versions/3.9/lib/python3.9/runpy.py", line 197, in _run_module_as_main
    return _run_code(code, main_globals, None,
  File "/Library/Developer/CommandLineTools/Library/Frameworks/Python3.framework/Versions/3.9/lib/python3.9/runpy.py", line 87, in _run_code
    exec(code, run_globals)
  File "/Users/minwooseo/Library/Python/3.9/lib/python/site-packages/streamlit/__main__.py", line 20, in <module>
    main(prog_name="streamlit")
  File "/Users/minwooseo/Library/Python/3.9/lib/python/site-packages/click/core.py", line 1161, in __call__
    return self.main(*args, **kwargs)
  File "/Users/minwooseo/Library/Python/3.9/lib/python/site-packages/click/core.py", line 1082, in main
    rv = self.invoke(ctx)
  File "/Users/minwooseo/Library/Python/3.9/lib/python/site-packages/click/core.py", line 1697, in invoke
    return _process_result(sub_ctx.command.invoke(sub_ctx))
  File "/Users/minwooseo/Library/Python/3.9/lib/python/site-packages/click/core.py", line 1443, in invoke
    return ctx.invoke(self.callback, **ctx.params)
  File "/Users/minwooseo/Library/Python/3.9/lib/python/site-packages/click/core.py", line 788, in invoke
    return __callback(*args, **kwargs)
  File "/Users/minwooseo/Library/Python/3.9/lib/python/site-packages/streamlit/web/cli.py", line 237, in main_run
    _main_run(target, args, flag_options=kwargs)
  File "/Users/minwooseo/Library/Python/3.9/lib/python/site-packages/streamlit/web/cli.py", line 279, in _main_run
    bootstrap.run(file, is_hello, args, flag_options)
  File "/Users/minwooseo/Library/Python/3.9/lib/python/site-packages/streamlit/web/bootstrap.py", line 332, in run
    asyncio.run(main())
  File "/Library/Developer/CommandLineTools/Library/Frameworks/Python3.framework/Versions/3.9/lib/python3.9/asyncio/runners.py", line 44, in run
    return loop.run_until_complete(main)
  File "/Library/Developer/CommandLineTools/Library/Frameworks/Python3.framework/Versions/3.9/lib/python3.9/asyncio/base_events.py", line 629, in run_until_complete
    self.run_forever()
  File "/Library/Developer/CommandLineTools/Library/Frameworks/Python3.framework/Versions/3.9/lib/python3.9/asyncio/base_events.py", line 596, in run_forever
    self._run_once()
  File "/Library/Developer/CommandLineTools/Library/Frameworks/Python3.framework/Versions/3.9/lib/python3.9/asyncio/base_events.py", line 1890, in _run_once
    handle._run()
  File "/Library/Developer/CommandLineTools/Library/Frameworks/Python3.framework/Versions/3.9/lib/python3.9/asyncio/events.py", line 80, in _run
    self._context.run(self._callback, *self._args)
  File "/Users/minwooseo/Library/Python/3.9/lib/python/site-packages/tornado/web.py", line 1859, in _execute
    result = await result
  File "/Users/minwooseo/Library/Python/3.9/lib/python/site-packages/tornado/websocket.py", line 277, in get
    await self.ws_connection.accept_connection(self)
  File "/Users/minwooseo/Library/Python/3.9/lib/python/site-packages/tornado/websocket.py", line 890, in accept_connection
    await self._accept_connection(handler)
  File "/Users/minwooseo/Library/Python/3.9/lib/python/site-packages/tornado/websocket.py", line 965, in _accept_connection
    open_result = handler.open(*handler.open_args, **handler.open_kwargs)
  File "/Users/minwooseo/Library/Python/3.9/lib/python/site-packages/streamlit/web/server/browser_websocket_handler.py", line 198, in open
    self._session_id = self._runtime.connect_session(
  File "/Users/minwooseo/Library/Python/3.9/lib/python/site-packages/streamlit/runtime/runtime.py", line 391, in connect_session
    session_id = self._session_mgr.connect_session(
  File "/Users/minwooseo/Library/Python/3.9/lib/python/site-packages/streamlit/runtime/websocket_session_manager.py", line 101, in connect_session
    session = AppSession(
  File "/Users/minwooseo/Library/Python/3.9/lib/python/site-packages/streamlit/runtime/app_session.py", line 159, in __init__
    self.register_file_watchers()
  File "/Users/minwooseo/Library/Python/3.9/lib/python/site-packages/streamlit/runtime/app_session.py", line 196, in register_file_watchers
    self._local_sources_watcher = LocalSourcesWatcher(self._pages_manager)
  File "/Users/minwooseo/Library/Python/3.9/lib/python/site-packages/streamlit/watcher/local_sources_watcher.py", line 66, in __init__
    self.update_watched_pages()
  File "/Users/minwooseo/Library/Python/3.9/lib/python/site-packages/streamlit/watcher/local_sources_watcher.py", line 79, in update_watched_pages
    self._register_watcher(
  File "/Users/minwooseo/Library/Python/3.9/lib/python/site-packages/streamlit/watcher/local_sources_watcher.py", line 185, in _register_watcher
    _LOGGER.warning("Failed to watch file %s: %s", filepath, exc_info=ex)
Message: 'Failed to watch file %s: %s'
Arguments: ('/Users/minwooseo/.gemini/antigravity/scratch/beyondstat_dashboard/app.py',)
--- Logging error ---
Traceback (most recent call last):
  File "/Users/minwooseo/Library/Python/3.9/lib/python/site-packages/streamlit/watcher/util.py", line 176, in _do_with_retries
    return orig_fn()
  File "/Users/minwooseo/Library/Python/3.9/lib/python/site-packages/streamlit/watcher/util.py", line 95, in <lambda>
    lambda: os.stat(path).st_mtime,
FileNotFoundError: [Errno 2] No such file or directory: '/Users/minwooseo/.gemini/antigravity/scratch/beyondstat_dashboard/app.py'

The above exception was the direct cause of the following exception:

Traceback (most recent call last):
  File "/Users/minwooseo/Library/Python/3.9/lib/python/site-packages/streamlit/watcher/local_sources_watcher.py", line 173, in _register_watcher
    watcher=PathWatcher(  # ty: ignore
  File "/Users/minwooseo/Library/Python/3.9/lib/python/site-packages/streamlit/watcher/polling_path_watcher.py", line 72, in __init__
    self._modification_time = util.path_modification_time(
  File "/Users/minwooseo/Library/Python/3.9/lib/python/site-packages/streamlit/watcher/util.py", line 94, in path_modification_time
    return _do_with_retries(
  File "/Users/minwooseo/Library/Python/3.9/lib/python/site-packages/streamlit/watcher/util.py", line 179, in _do_with_retries
    raise StreamlitMaxRetriesError(
streamlit.errors.StreamlitMaxRetriesError: Unable to access file or folder: /Users/minwooseo/.gemini/antigravity/scratch/beyondstat_dashboard/app.py

During handling of the above exception, another exception occurred:

Traceback (most recent call last):
  File "/Library/Developer/CommandLineTools/Library/Frameworks/Python3.framework/Versions/3.9/lib/python3.9/logging/__init__.py", line 1083, in emit
    msg = self.format(record)
  File "/Library/Developer/CommandLineTools/Library/Frameworks/Python3.framework/Versions/3.9/lib/python3.9/logging/__init__.py", line 927, in format
    return fmt.format(record)
  File "/Library/Developer/CommandLineTools/Library/Frameworks/Python3.framework/Versions/3.9/lib/python3.9/logging/__init__.py", line 663, in format
    record.message = record.getMessage()
  File "/Library/Developer/CommandLineTools/Library/Frameworks/Python3.framework/Versions/3.9/lib/python3.9/logging/__init__.py", line 367, in getMessage
    msg = msg % self.args
TypeError: not enough arguments for format string
Call stack:
  File "/Library/Developer/CommandLineTools/Library/Frameworks/Python3.framework/Versions/3.9/lib/python3.9/runpy.py", line 197, in _run_module_as_main
    return _run_code(code, main_globals, None,
  File "/Library/Developer/CommandLineTools/Library/Frameworks/Python3.framework/Versions/3.9/lib/python3.9/runpy.py", line 87, in _run_code
    exec(code, run_globals)
  File "/Users/minwooseo/Library/Python/3.9/lib/python/site-packages/streamlit/__main__.py", line 20, in <module>
    main(prog_name="streamlit")
  File "/Users/minwooseo/Library/Python/3.9/lib/python/site-packages/click/core.py", line 1161, in __call__
    return self.main(*args, **kwargs)
  File "/Users/minwooseo/Library/Python/3.9/lib/python/site-packages/click/core.py", line 1082, in main
    rv = self.invoke(ctx)
  File "/Users/minwooseo/Library/Python/3.9/lib/python/site-packages/click/core.py", line 1697, in invoke
    return _process_result(sub_ctx.command.invoke(sub_ctx))
  File "/Users/minwooseo/Library/Python/3.9/lib/python/site-packages/click/core.py", line 1443, in invoke
    return ctx.invoke(self.callback, **ctx.params)
  File "/Users/minwooseo/Library/Python/3.9/lib/python/site-packages/click/core.py", line 788, in invoke
    return __callback(*args, **kwargs)
  File "/Users/minwooseo/Library/Python/3.9/lib/python/site-packages/streamlit/web/cli.py", line 237, in main_run
    _main_run(target, args, flag_options=kwargs)
  File "/Users/minwooseo/Library/Python/3.9/lib/python/site-packages/streamlit/web/cli.py", line 279, in _main_run
    bootstrap.run(file, is_hello, args, flag_options)
  File "/Users/minwooseo/Library/Python/3.9/lib/python/site-packages/streamlit/web/bootstrap.py", line 332, in run
    asyncio.run(main())
  File "/Library/Developer/CommandLineTools/Library/Frameworks/Python3.framework/Versions/3.9/lib/python3.9/asyncio/runners.py", line 44, in run
    return loop.run_until_complete(main)
  File "/Library/Developer/CommandLineTools/Library/Frameworks/Python3.framework/Versions/3.9/lib/python3.9/asyncio/base_events.py", line 629, in run_until_complete
    self.run_forever()
  File "/Library/Developer/CommandLineTools/Library/Frameworks/Python3.framework/Versions/3.9/lib/python3.9/asyncio/base_events.py", line 596, in run_forever
    self._run_once()
  File "/Library/Developer/CommandLineTools/Library/Frameworks/Python3.framework/Versions/3.9/lib/python3.9/asyncio/base_events.py", line 1890, in _run_once
    handle._run()
  File "/Library/Developer/CommandLineTools/Library/Frameworks/Python3.framework/Versions/3.9/lib/python3.9/asyncio/events.py", line 80, in _run
    self._context.run(self._callback, *self._args)
  File "/Users/minwooseo/Library/Python/3.9/lib/python/site-packages/tornado/web.py", line 1859, in _execute
    result = await result
  File "/Users/minwooseo/Library/Python/3.9/lib/python/site-packages/tornado/websocket.py", line 277, in get
    await self.ws_connection.accept_connection(self)
  File "/Users/minwooseo/Library/Python/3.9/lib/python/site-packages/tornado/websocket.py", line 890, in accept_connection
    await self._accept_connection(handler)
  File "/Users/minwooseo/Library/Python/3.9/lib/python/site-packages/tornado/websocket.py", line 965, in _accept_connection
    open_result = handler.open(*handler.open_args, **handler.open_kwargs)
  File "/Users/minwooseo/Library/Python/3.9/lib/python/site-packages/streamlit/web/server/browser_websocket_handler.py", line 198, in open
    self._session_id = self._runtime.connect_session(
  File "/Users/minwooseo/Library/Python/3.9/lib/python/site-packages/streamlit/runtime/runtime.py", line 391, in connect_session
    session_id = self._session_mgr.connect_session(
  File "/Users/minwooseo/Library/Python/3.9/lib/python/site-packages/streamlit/runtime/websocket_session_manager.py", line 101, in connect_session
    session = AppSession(
  File "/Users/minwooseo/Library/Python/3.9/lib/python/site-packages/streamlit/runtime/app_session.py", line 159, in __init__
    self.register_file_watchers()
  File "/Users/minwooseo/Library/Python/3.9/lib/python/site-packages/streamlit/runtime/app_session.py", line 196, in register_file_watchers
    self._local_sources_watcher = LocalSourcesWatcher(self._pages_manager)
  File "/Users/minwooseo/Library/Python/3.9/lib/python/site-packages/streamlit/watcher/local_sources_watcher.py", line 66, in __init__
    self.update_watched_pages()
  File "/Users/minwooseo/Library/Python/3.9/lib/python/site-packages/streamlit/watcher/local_sources_watcher.py", line 79, in update_watched_pages
    self._register_watcher(
  File "/Users/minwooseo/Library/Python/3.9/lib/python/site-packages/streamlit/watcher/local_sources_watcher.py", line 185, in _register_watcher
    _LOGGER.warning("Failed to watch file %s: %s", filepath, exc_info=ex)
Message: 'Failed to watch file %s: %s'
Arguments: ('/Users/minwooseo/.gemini/antigravity/scratch/beyondstat_dashboard/app.py',)
--- Logging error ---
Traceback (most recent call last):
  File "/Users/minwooseo/Library/Python/3.9/lib/python/site-packages/streamlit/watcher/util.py", line 176, in _do_with_retries
    return orig_fn()
  File "/Users/minwooseo/Library/Python/3.9/lib/python/site-packages/streamlit/watcher/util.py", line 95, in <lambda>
    lambda: os.stat(path).st_mtime,
FileNotFoundError: [Errno 2] No such file or directory: '/Users/minwooseo/.gemini/antigravity/scratch/beyondstat_dashboard/app.py'

The above exception was the direct cause of the following exception:

Traceback (most recent call last):
  File "/Users/minwooseo/Library/Python/3.9/lib/python/site-packages/streamlit/watcher/local_sources_watcher.py", line 173, in _register_watcher
    watcher=PathWatcher(  # ty: ignore
  File "/Users/minwooseo/Library/Python/3.9/lib/python/site-packages/streamlit/watcher/polling_path_watcher.py", line 72, in __init__
    self._modification_time = util.path_modification_time(
  File "/Users/minwooseo/Library/Python/3.9/lib/python/site-packages/streamlit/watcher/util.py", line 94, in path_modification_time
    return _do_with_retries(
  File "/Users/minwooseo/Library/Python/3.9/lib/python/site-packages/streamlit/watcher/util.py", line 179, in _do_with_retries
    raise StreamlitMaxRetriesError(
streamlit.errors.StreamlitMaxRetriesError: Unable to access file or folder: /Users/minwooseo/.gemini/antigravity/scratch/beyondstat_dashboard/app.py

During handling of the above exception, another exception occurred:

Traceback (most recent call last):
  File "/Library/Developer/CommandLineTools/Library/Frameworks/Python3.framework/Versions/3.9/lib/python3.9/logging/__init__.py", line 1083, in emit
    msg = self.format(record)
  File "/Library/Developer/CommandLineTools/Library/Frameworks/Python3.framework/Versions/3.9/lib/python3.9/logging/__init__.py", line 927, in format
    return fmt.format(record)
  File "/Library/Developer/CommandLineTools/Library/Frameworks/Python3.framework/Versions/3.9/lib/python3.9/logging/__init__.py", line 663, in format
    record.message = record.getMessage()
  File "/Library/Developer/CommandLineTools/Library/Frameworks/Python3.framework/Versions/3.9/lib/python3.9/logging/__init__.py", line 367, in getMessage
    msg = msg % self.args
TypeError: not enough arguments for format string
Call stack:
  File "/Library/Developer/CommandLineTools/Library/Frameworks/Python3.framework/Versions/3.9/lib/python3.9/runpy.py", line 197, in _run_module_as_main
    return _run_code(code, main_globals, None,
  File "/Library/Developer/CommandLineTools/Library/Frameworks/Python3.framework/Versions/3.9/lib/python3.9/runpy.py", line 87, in _run_code
    exec(code, run_globals)
  File "/Users/minwooseo/Library/Python/3.9/lib/python/site-packages/streamlit/__main__.py", line 20, in <module>
    main(prog_name="streamlit")
  File "/Users/minwooseo/Library/Python/3.9/lib/python/site-packages/click/core.py", line 1161, in __call__
    return self.main(*args, **kwargs)
  File "/Users/minwooseo/Library/Python/3.9/lib/python/site-packages/click/core.py", line 1082, in main
    rv = self.invoke(ctx)
  File "/Users/minwooseo/Library/Python/3.9/lib/python/site-packages/click/core.py", line 1697, in invoke
    return _process_result(sub_ctx.command.invoke(sub_ctx))
  File "/Users/minwooseo/Library/Python/3.9/lib/python/site-packages/click/core.py", line 1443, in invoke
    return ctx.invoke(self.callback, **ctx.params)
  File "/Users/minwooseo/Library/Python/3.9/lib/python/site-packages/click/core.py", line 788, in invoke
    return __callback(*args, **kwargs)
  File "/Users/minwooseo/Library/Python/3.9/lib/python/site-packages/streamlit/web/cli.py", line 237, in main_run
    _main_run(target, args, flag_options=kwargs)
  File "/Users/minwooseo/Library/Python/3.9/lib/python/site-packages/streamlit/web/cli.py", line 279, in _main_run
    bootstrap.run(file, is_hello, args, flag_options)
  File "/Users/minwooseo/Library/Python/3.9/lib/python/site-packages/streamlit/web/bootstrap.py", line 332, in run
    asyncio.run(main())
  File "/Library/Developer/CommandLineTools/Library/Frameworks/Python3.framework/Versions/3.9/lib/python3.9/asyncio/runners.py", line 44, in run
    return loop.run_until_complete(main)
  File "/Library/Developer/CommandLineTools/Library/Frameworks/Python3.framework/Versions/3.9/lib/python3.9/asyncio/base_events.py", line 629, in run_until_complete
    self.run_forever()
  File "/Library/Developer/CommandLineTools/Library/Frameworks/Python3.framework/Versions/3.9/lib/python3.9/asyncio/base_events.py", line 596, in run_forever
    self._run_once()
  File "/Library/Developer/CommandLineTools/Library/Frameworks/Python3.framework/Versions/3.9/lib/python3.9/asyncio/base_events.py", line 1890, in _run_once
    handle._run()
  File "/Library/Developer/CommandLineTools/Library/Frameworks/Python3.framework/Versions/3.9/lib/python3.9/asyncio/events.py", line 80, in _run
    self._context.run(self._callback, *self._args)
  File "/Users/minwooseo/Library/Python/3.9/lib/python/site-packages/tornado/web.py", line 1859, in _execute
    result = await result
  File "/Users/minwooseo/Library/Python/3.9/lib/python/site-packages/tornado/websocket.py", line 277, in get
    await self.ws_connection.accept_connection(self)
  File "/Users/minwooseo/Library/Python/3.9/lib/python/site-packages/tornado/websocket.py", line 890, in accept_connection
    await self._accept_connection(handler)
  File "/Users/minwooseo/Library/Python/3.9/lib/python/site-packages/tornado/websocket.py", line 965, in _accept_connection
    open_result = handler.open(*handler.open_args, **handler.open_kwargs)
  File "/Users/minwooseo/Library/Python/3.9/lib/python/site-packages/streamlit/web/server/browser_websocket_handler.py", line 198, in open
    self._session_id = self._runtime.connect_session(
  File "/Users/minwooseo/Library/Python/3.9/lib/python/site-packages/streamlit/runtime/runtime.py", line 391, in connect_session
    session_id = self._session_mgr.connect_session(
  File "/Users/minwooseo/Library/Python/3.9/lib/python/site-packages/streamlit/runtime/websocket_session_manager.py", line 101, in connect_session
    session = AppSession(
  File "/Users/minwooseo/Library/Python/3.9/lib/python/site-packages/streamlit/runtime/app_session.py", line 159, in __init__
    self.register_file_watchers()
  File "/Users/minwooseo/Library/Python/3.9/lib/python/site-packages/streamlit/runtime/app_session.py", line 196, in register_file_watchers
    self._local_sources_watcher = LocalSourcesWatcher(self._pages_manager)
  File "/Users/minwooseo/Library/Python/3.9/lib/python/site-packages/streamlit/watcher/local_sources_watcher.py", line 66, in __init__
    self.update_watched_pages()
  File "/Users/minwooseo/Library/Python/3.9/lib/python/site-packages/streamlit/watcher/local_sources_watcher.py", line 79, in update_watched_pages
    self._register_watcher(
  File "/Users/minwooseo/Library/Python/3.9/lib/python/site-packages/streamlit/watcher/local_sources_watcher.py", line 185, in _register_watcher
    _LOGGER.warning("Failed to watch file %s: %s", filepath, exc_info=ex)
Message: 'Failed to watch file %s: %s'
Arguments: ('/Users/minwooseo/.gemini/antigravity/scratch/beyondstat_dashboard/app.py',)
--- Logging error ---
Traceback (most recent call last):
  File "/Users/minwooseo/Library/Python/3.9/lib/python/site-packages/streamlit/watcher/util.py", line 176, in _do_with_retries
    return orig_fn()
  File "/Users/minwooseo/Library/Python/3.9/lib/python/site-packages/streamlit/watcher/util.py", line 95, in <lambda>
    lambda: os.stat(path).st_mtime,
FileNotFoundError: [Errno 2] No such file or directory: '/Users/minwooseo/.gemini/antigravity/scratch/beyondstat_dashboard/app.py'

The above exception was the direct cause of the following exception:

Traceback (most recent call last):
  File "/Users/minwooseo/Library/Python/3.9/lib/python/site-packages/streamlit/watcher/local_sources_watcher.py", line 173, in _register_watcher
    watcher=PathWatcher(  # ty: ignore
  File "/Users/minwooseo/Library/Python/3.9/lib/python/site-packages/streamlit/watcher/polling_path_watcher.py", line 72, in __init__
    self._modification_time = util.path_modification_time(
  File "/Users/minwooseo/Library/Python/3.9/lib/python/site-packages/streamlit/watcher/util.py", line 94, in path_modification_time
    return _do_with_retries(
  File "/Users/minwooseo/Library/Python/3.9/lib/python/site-packages/streamlit/watcher/util.py", line 179, in _do_with_retries
    raise StreamlitMaxRetriesError(
streamlit.errors.StreamlitMaxRetriesError: Unable to access file or folder: /Users/minwooseo/.gemini/antigravity/scratch/beyondstat_dashboard/app.py

During handling of the above exception, another exception occurred:

Traceback (most recent call last):
  File "/Library/Developer/CommandLineTools/Library/Frameworks/Python3.framework/Versions/3.9/lib/python3.9/logging/__init__.py", line 1083, in emit
    msg = self.format(record)
  File "/Library/Developer/CommandLineTools/Library/Frameworks/Python3.framework/Versions/3.9/lib/python3.9/logging/__init__.py", line 927, in format
    return fmt.format(record)
  File "/Library/Developer/CommandLineTools/Library/Frameworks/Python3.framework/Versions/3.9/lib/python3.9/logging/__init__.py", line 663, in format
    record.message = record.getMessage()
  File "/Library/Developer/CommandLineTools/Library/Frameworks/Python3.framework/Versions/3.9/lib/python3.9/logging/__init__.py", line 367, in getMessage
    msg = msg % self.args
TypeError: not enough arguments for format string
Call stack:
  File "/Library/Developer/CommandLineTools/Library/Frameworks/Python3.framework/Versions/3.9/lib/python3.9/runpy.py", line 197, in _run_module_as_main
    return _run_code(code, main_globals, None,
  File "/Library/Developer/CommandLineTools/Library/Frameworks/Python3.framework/Versions/3.9/lib/python3.9/runpy.py", line 87, in _run_code
    exec(code, run_globals)
  File "/Users/minwooseo/Library/Python/3.9/lib/python/site-packages/streamlit/__main__.py", line 20, in <module>
    main(prog_name="streamlit")
  File "/Users/minwooseo/Library/Python/3.9/lib/python/site-packages/click/core.py", line 1161, in __call__
    return self.main(*args, **kwargs)
  File "/Users/minwooseo/Library/Python/3.9/lib/python/site-packages/click/core.py", line 1082, in main
    rv = self.invoke(ctx)
  File "/Users/minwooseo/Library/Python/3.9/lib/python/site-packages/click/core.py", line 1697, in invoke
    return _process_result(sub_ctx.command.invoke(sub_ctx))
  File "/Users/minwooseo/Library/Python/3.9/lib/python/site-packages/click/core.py", line 1443, in invoke
    return ctx.invoke(self.callback, **ctx.params)
  File "/Users/minwooseo/Library/Python/3.9/lib/python/site-packages/click/core.py", line 788, in invoke
    return __callback(*args, **kwargs)
  File "/Users/minwooseo/Library/Python/3.9/lib/python/site-packages/streamlit/web/cli.py", line 237, in main_run
    _main_run(target, args, flag_options=kwargs)
  File "/Users/minwooseo/Library/Python/3.9/lib/python/site-packages/streamlit/web/cli.py", line 279, in _main_run
    bootstrap.run(file, is_hello, args, flag_options)
  File "/Users/minwooseo/Library/Python/3.9/lib/python/site-packages/streamlit/web/bootstrap.py", line 332, in run
    asyncio.run(main())
  File "/Library/Developer/CommandLineTools/Library/Frameworks/Python3.framework/Versions/3.9/lib/python3.9/asyncio/runners.py", line 44, in run
    return loop.run_until_complete(main)
  File "/Library/Developer/CommandLineTools/Library/Frameworks/Python3.framework/Versions/3.9/lib/python3.9/asyncio/base_events.py", line 629, in run_until_complete
    self.run_forever()
  File "/Library/Developer/CommandLineTools/Library/Frameworks/Python3.framework/Versions/3.9/lib/python3.9/asyncio/base_events.py", line 596, in run_forever
    self._run_once()
  File "/Library/Developer/CommandLineTools/Library/Frameworks/Python3.framework/Versions/3.9/lib/python3.9/asyncio/base_events.py", line 1890, in _run_once
    handle._run()
  File "/Library/Developer/CommandLineTools/Library/Frameworks/Python3.framework/Versions/3.9/lib/python3.9/asyncio/events.py", line 80, in _run
    self._context.run(self._callback, *self._args)
  File "/Users/minwooseo/Library/Python/3.9/lib/python/site-packages/tornado/web.py", line 1859, in _execute
    result = await result
  File "/Users/minwooseo/Library/Python/3.9/lib/python/site-packages/tornado/websocket.py", line 277, in get
    await self.ws_connection.accept_connection(self)
  File "/Users/minwooseo/Library/Python/3.9/lib/python/site-packages/tornado/websocket.py", line 890, in accept_connection
    await self._accept_connection(handler)
  File "/Users/minwooseo/Library/Python/3.9/lib/python/site-packages/tornado/websocket.py", line 965, in _accept_connection
    open_result = handler.open(*handler.open_args, **handler.open_kwargs)
  File "/Users/minwooseo/Library/Python/3.9/lib/python/site-packages/streamlit/web/server/browser_websocket_handler.py", line 198, in open
    self._session_id = self._runtime.connect_session(
  File "/Users/minwooseo/Library/Python/3.9/lib/python/site-packages/streamlit/runtime/runtime.py", line 391, in connect_session
    session_id = self._session_mgr.connect_session(
  File "/Users/minwooseo/Library/Python/3.9/lib/python/site-packages/streamlit/runtime/websocket_session_manager.py", line 101, in connect_session
    session = AppSession(
  File "/Users/minwooseo/Library/Python/3.9/lib/python/site-packages/streamlit/runtime/app_session.py", line 159, in __init__
    self.register_file_watchers()
  File "/Users/minwooseo/Library/Python/3.9/lib/python/site-packages/streamlit/runtime/app_session.py", line 196, in register_file_watchers
    self._local_sources_watcher = LocalSourcesWatcher(self._pages_manager)
  File "/Users/minwooseo/Library/Python/3.9/lib/python/site-packages/streamlit/watcher/local_sources_watcher.py", line 66, in __init__
    self.update_watched_pages()
  File "/Users/minwooseo/Library/Python/3.9/lib/python/site-packages/streamlit/watcher/local_sources_watcher.py", line 79, in update_watched_pages
    self._register_watcher(
  File "/Users/minwooseo/Library/Python/3.9/lib/python/site-packages/streamlit/watcher/local_sources_watcher.py", line 185, in _register_watcher
    _LOGGER.warning("Failed to watch file %s: %s", filepath, exc_info=ex)
Message: 'Failed to watch file %s: %s'
Arguments: ('/Users/minwooseo/.gemini/antigravity/scratch/beyondstat_dashboard/app.py',)
An error occurred: module 'importlib.metadata' has no attribute 'packages_distributions'
  Stopping...
